*** Using Compiler 'V5.06 update 6 (build 750)', folder: 'D:\Keil_v5\Core\ARM\ARMCC\Bin'
Rebuild target 'NetCamera'
assembling startup_stm32h750xx.s...
compiling dcmi.c...
../Src/dcmi.c(40): warning:  #188-D: enumerated type mixed with another type
  ovOutMode_t CameraMode = 0;                 //default jpeg Stream 
../Src/dcmi.c(302): error:  #132: expression must have pointer-to-struct-or-union type
    (hdma_dcmi.Instance)->CR&=~(1<<0);		//åœæ­¢å½“å‰ä¼ è¾“
../Src/dcmi.c(303): error:  #132: expression must have pointer-to-struct-or-union type
    while((hdma_dcmi.Instance)->CR&0X01);	//ç­‰å¾…DMA1_Stream1å¯é…ç½? 
../Src/dcmi.c(304): error:  #132: expression must have pointer-to-struct-or-union type
    leftDataLen = DCMI_BUFF_SIZE - (hdma_dcmi.Instance)->NDTR;
../Src/dcmi.c(305): error:  #132: expression must have pointer-to-struct-or-union type
    if((hdma_dcmi.Instance)->CR&(1<<19))
../Src/dcmi.c(301): warning:  #550-D: variable "leftDataLen"  was set but never used
    uint16_t leftDataLen;
../Src/dcmi.c: 2 warnings, 4 errors
compiling main.c...
compiling debug.c...
compiling dma.c...
compiling freertos.c...
compiling gpio.c...
compiling i2c.c...
compiling quadspi.c...
compiling spi.c...
compiling usart.c...
compiling usb_device.c...
compiling usbd_desc.c...
compiling usbd_conf.c...
compiling usbd_cdc_if.c...
compiling stm32h7xx_it.c...
compiling stm32h7xx_hal_msp.c...
compiling stm32h7xx_hal_timebase_tim.c...
compiling system_stm32h7xx.c...
compiling extPsram.c...
compiling memory.c...
compiling sccb.c...
compiling delay.c...
compiling ov_2640.c...
compiling osTask.c...
..\UsrApp\Src\osTask.c(45): warning:  #550-D: variable "jpegHeadOk"  was set but never used
    uint8_t jpegHeadOk = 0;
..\UsrApp\Src\osTask.c: 1 warning, 0 errors
compiling stm32h7xx_hal_pcd_ex.c...
compiling stm32h7xx_hal_pcd.c...
compiling stm32h7xx_hal_cortex.c...
compiling stm32h7xx_hal_dcmi.c...
compiling stm32h7xx_ll_usb.c...
compiling stm32h7xx_hal_i2c_ex.c...
compiling stm32h7xx_hal_spi_ex.c...
compiling stm32h7xx_hal_qspi.c...
compiling stm32h7xx_hal_i2c.c...
compiling stm32h7xx_hal_spi.c...
compiling stm32h7xx_hal_tim_ex.c...
compiling stm32h7xx_hal_uart_ex.c...
compiling stm32h7xx_hal_tim.c...
compiling stm32h7xx_hal_rcc.c...
compiling stm32h7xx_hal_flash.c...
compiling stm32h7xx_hal_flash_ex.c...
compiling stm32h7xx_hal_gpio.c...
compiling stm32h7xx_hal_hsem.c...
compiling stm32h7xx_hal_rcc_ex.c...
compiling stm32h7xx_hal_pwr.c...
compiling stm32h7xx_hal_dma_ex.c...
compiling stm32h7xx_hal_pwr_ex.c...
compiling stm32h7xx_hal_uart.c...
compiling stm32h7xx_hal_mdma.c...
compiling stm32h7xx_hal.c...
compiling croutine.c...
compiling stm32h7xx_hal_dma.c...
compiling list.c...
compiling event_groups.c...
compiling stream_buffer.c...
compiling queue.c...
compiling heap_4.c...
compiling stm32h7xx_hal_exti.c...
compiling timers.c...
compiling tasks.c...
compiling port.c...
compiling cmsis_os2.c...
compiling usbd_core.c...
compiling usbd_ctlreq.c...
compiling usbd_ioreq.c...
compiling usbd_cdc.c...
"NetCamera\NetCamera.axf" - 4 Error(s), 3 Warning(s).
Target not created.
Build Time Elapsed:  00:00:21
